<?xml version="1.0" encoding="UTF-8"?>
<!-- Generated by org.testng.reporters.JUnitReportReporter -->
<testsuite hostname="DESKTOP-LH46NDJ" failures="0" tests="1" name="com.naukri.testScript.DailyUpdate" time="18.687" errors="0" timestamp="2023-04-25T23:20:22 IST" skipped="0">
  <testcase classname="com.naukri.testScript.DailyUpdate" name="update" time="18.687"/>
  <system-out/>
</testsuite> <!-- com.naukri.testScript.DailyUpdate -->
